<?xml version="1.0" encoding="UTF-8"?>
<!-- Generated by org.testng.reporters.JUnitReportReporter -->
<testsuite hostname="LAPTOP-NVUVQA1O" failures="0" tests="1" name="testNG.Groups" time="0.010" errors="0" timestamp="2022-07-19T13:05:54 IST" skipped="0">
  <testcase classname="testNG.Groups" name="groupTest2" time="0.010"/>
  <system-out/>
</testsuite> <!-- testNG.Groups -->
