<?xml version="1.0" encoding="UTF-8"?>
<!-- Generated by org.testng.reporters.JUnitReportReporter -->
<testsuite hostname="LAPTOP-NVUVQA1O" failures="0" tests="1" name="com.PomClasses.BaseClass" time="10.336" errors="0" timestamp="2022-07-23T14:17:56 IST" skipped="0">
  <testcase classname="com.PomClasses.BaseClass" name="tc1" time="10.336"/>
  <system-out/>
</testsuite> <!-- com.PomClasses.BaseClass -->
