<?xml version="1.0" encoding="UTF-8"?>
<!-- Generated by org.testng.reporters.JUnitReportReporter -->
<testsuite hostname="LAPTOP-NVUVQA1O" failures="0" tests="1" name="com.Vtiger.Testcases.CreateCamppage" time="4.565" errors="0" timestamp="2022-07-24T17:56:43 IST" skipped="0">
  <testcase classname="com.Vtiger.Testcases.CreateCamppage" name="createCampaignTest" time="4.565"/>
  <system-out/>
</testsuite> <!-- com.Vtiger.Testcases.CreateCamppage -->
