<?xml version="1.0" encoding="UTF-8"?>
<!-- Generated by org.testng.reporters.JUnitReportReporter -->
<testsuite hostname="LAPTOP-NVUVQA1O" failures="0" tests="1" name="testNG.Assertion" time="0.015" errors="0" timestamp="2022-07-20T16:23:56 IST" skipped="0">
  <testcase classname="testNG.Assertion" name="m1" time="0.015"/>
  <system-out/>
</testsuite> <!-- testNG.Assertion -->
