<?xml version="1.0" encoding="UTF-8"?>
<!-- Generated by org.testng.reporters.JUnitReportReporter -->
<testsuite hostname="LAPTOP-NVUVQA1O" failures="0" tests="1" name="JDBCPractise.ExecuteUpdatetest" time="0.215" errors="0" timestamp="2022-06-27T15:30:57 IST" skipped="0">
  <testcase classname="JDBCPractise.ExecuteUpdatetest" name="executeUpdatetest" time="0.215"/>
  <system-out/>
</testsuite> <!-- JDBCPractise.ExecuteUpdatetest -->
