<?xml version="1.0" encoding="UTF-8"?>
<!-- Generated by org.testng.reporters.JUnitReportReporter -->
<testsuite hostname="LAPTOP-NVUVQA1O" failures="0" tests="1" name="testNG.Assert" time="0.013" errors="0" timestamp="2022-07-20T15:51:29 IST" skipped="0">
  <testcase classname="testNG.Assert" name="m1" time="0.013"/>
  <system-out/>
</testsuite> <!-- testNG.Assert -->
