<?xml version="1.0" encoding="UTF-8"?>
<!-- Generated by org.testng.reporters.JUnitReportReporter -->
<testsuite hostname="LAPTOP-NVUVQA1O" failures="0" tests="3" name="testNG.Annotations" time="0.010" errors="0" timestamp="2022-07-19T12:10:16 IST" skipped="0">
  <testcase classname="testNG.Annotations" name="c1test2" time="0.002"/>
  <system-out/>
  <testcase classname="testNG.Annotations" name="c1test3" time="0.002"/>
  <system-out/>
  <testcase classname="testNG.Annotations" name="c1test1" time="0.006"/>
  <system-out/>
</testsuite> <!-- testNG.Annotations -->
