<?xml version="1.0" encoding="UTF-8"?>
<!-- Generated by org.testng.reporters.JUnitReportReporter -->
<testsuite hostname="LAPTOP-NVUVQA1O" failures="0" tests="1" name="com.Vtiger.Testcases.Createcampagain" time="4.592" errors="0" timestamp="2022-07-24T17:38:23 IST" skipped="0">
  <testcase classname="com.Vtiger.Testcases.Createcampagain" name="createCamapign" time="4.592"/>
  <system-out/>
</testsuite> <!-- com.Vtiger.Testcases.Createcampagain -->
