<?xml version="1.0" encoding="UTF-8"?>
<!-- Generated by org.testng.reporters.JUnitReportReporter -->
<testsuite hostname="LAPTOP-NVUVQA1O" failures="0" tests="1" name="generic.Reports" time="3.658" errors="0" timestamp="2022-07-08T15:43:12 IST" skipped="0">
  <testcase classname="generic.Reports" name="reportCreation" time="3.658"/>
  <system-out/>
</testsuite> <!-- generic.Reports -->
