<?xml version="1.0" encoding="UTF-8"?>
<!-- Generated by org.testng.reporters.JUnitReportReporter -->
<testsuite hostname="LAPTOP-NVUVQA1O" failures="0" tests="1" name="com.Vtiger.Testcases.CreateCamppageTest" time="14.316" errors="0" timestamp="2022-07-24T18:32:34 IST" skipped="0">
  <testcase classname="com.Vtiger.Testcases.CreateCamppageTest" name="createCampaignTest" time="14.316"/>
  <system-out/>
</testsuite> <!-- com.Vtiger.Testcases.CreateCamppageTest -->
