<?xml version="1.0" encoding="UTF-8"?>
<!-- Generated by org.testng.reporters.JUnitReportReporter -->
<testsuite hostname="LAPTOP-NVUVQA1O" failures="0" tests="1" name="com.Vtiger.Testcases.CreateOrg_Delete" time="29.225" errors="0" timestamp="2022-07-24T14:34:25 IST" skipped="0">
  <testcase classname="com.Vtiger.Testcases.CreateOrg_Delete" name="createOrgdeletetest" time="29.225"/>
  <system-out/>
</testsuite> <!-- com.Vtiger.Testcases.CreateOrg_Delete -->
