<?xml version="1.0" encoding="UTF-8"?>
<!-- Generated by org.testng.reporters.JUnitReportReporter -->
<testsuite hostname="LAPTOP-NVUVQA1O" failures="0" tests="1" name="com.Vtiger.Testcases.TC_01_CreateOrganizationTest" time="29.348" errors="0" timestamp="2022-08-02T15:13:55 IST" skipped="0">
  <testcase classname="com.Vtiger.Testcases.TC_01_CreateOrganizationTest" name="createorgtest" time="29.348"/>
  <system-out/>
</testsuite> <!-- com.Vtiger.Testcases.TC_01_CreateOrganizationTest -->
