<?xml version="1.0" encoding="UTF-8"?>
<!-- Generated by org.testng.reporters.JUnitReportReporter -->
<testsuite hostname="LAPTOP-NVUVQA1O" failures="0" tests="1" name="com.Vtiger.Testcases.TC_04_CreateCamppageTest" time="20.296" errors="0" timestamp="2022-07-27T10:30:23 IST" skipped="0">
  <testcase classname="com.Vtiger.Testcases.TC_04_CreateCamppageTest" name="createCampaignTest" time="20.296"/>
  <system-out/>
</testsuite> <!-- com.Vtiger.Testcases.TC_04_CreateCamppageTest -->
