<?xml version="1.0" encoding="UTF-8"?>
<!-- Generated by org.testng.reporters.JUnitReportReporter -->
<testsuite hostname="LAPTOP-NVUVQA1O" failures="0" tests="1" name="com.Vtiger.Testcases.TC_03_CreateOrg_DeleteTest" time="33.799" errors="0" timestamp="2022-08-03T18:18:50 IST" skipped="0">
  <testcase classname="com.Vtiger.Testcases.TC_03_CreateOrg_DeleteTest" name="createOrgdeletetest" time="33.799"/>
  <system-out/>
</testsuite> <!-- com.Vtiger.Testcases.TC_03_CreateOrg_DeleteTest -->
