<?xml version="1.0" encoding="UTF-8"?>
<!-- Generated by org.testng.reporters.JUnitReportReporter -->
<testsuite hostname="LAPTOP-NVUVQA1O" failures="0" tests="1" name="com.Vtiger.Testcases.Verifyorgcreated" time="21.642" errors="0" timestamp="2022-07-24T12:59:08 IST" skipped="0">
  <testcase classname="com.Vtiger.Testcases.Verifyorgcreated" name="verifyorgcreated" time="21.642"/>
  <system-out/>
</testsuite> <!-- com.Vtiger.Testcases.Verifyorgcreated -->
