<?xml version="1.0" encoding="UTF-8"?>
<!-- Generated by org.testng.reporters.JUnitReportReporter -->
<testsuite hostname="LAPTOP-NVUVQA1O" failures="0" tests="1" name="com.Vtiger.Testcases.CreateOrganization" time="7.399" errors="0" timestamp="2022-07-24T12:21:07 IST" skipped="0">
  <testcase classname="com.Vtiger.Testcases.CreateOrganization" name="testcase1" time="7.399"/>
  <system-out/>
</testsuite> <!-- com.Vtiger.Testcases.CreateOrganization -->
