<?xml version="1.0" encoding="UTF-8"?>
<!-- Generated by org.testng.reporters.JUnitReportReporter -->
<testsuite hostname="LAPTOP-NVUVQA1O" failures="0" tests="2" name="testNG.Parameter1" time="0.011" errors="0" timestamp="2022-07-19T13:26:19 IST" skipped="0">
  <testcase classname="testNG.Parameter1" name="paramTest2" time="0.001"/>
  <system-out/>
  <testcase classname="testNG.Parameter1" name="paramTest1" time="0.010"/>
  <system-out/>
</testsuite> <!-- testNG.Parameter1 -->
