<?xml version="1.0" encoding="UTF-8"?>
<!-- Generated by org.testng.reporters.JUnitReportReporter -->
<testsuite hostname="LAPTOP-NVUVQA1O" failures="0" tests="1" name="com.Vtiger.Testcases.DeleteCampaignTest" time="20.794" errors="0" timestamp="2022-07-25T10:45:53 IST" skipped="0">
  <testcase classname="com.Vtiger.Testcases.DeleteCampaignTest" name="deletecamoaigntest" time="20.794"/>
  <system-out/>
</testsuite> <!-- com.Vtiger.Testcases.DeleteCampaignTest -->
