<?xml version="1.0" encoding="UTF-8"?>
<!-- Generated by org.testng.reporters.JUnitReportReporter -->
<testsuite hostname="LAPTOP-NVUVQA1O" failures="0" tests="3" name="testNG.Class1" time="0.007" errors="0" timestamp="2022-07-19T12:21:12 IST" skipped="0">
  <testcase classname="testNG.Class1" name="c1test1" time="0.001"/>
  <system-out/>
  <testcase classname="testNG.Class1" name="c1test2" time="0.003"/>
  <system-out/>
  <testcase classname="testNG.Class1" name="c1test3" time="0.003"/>
  <system-out/>
</testsuite> <!-- testNG.Class1 -->
